0 info it worked if it ends with ok
1 verbose cli [ '/usr/bin/node', '/usr/bin/npm', 'run', 'azure-publish' ]
2 info using npm@3.5.2
3 info using node@v8.10.0
4 verbose run-script [ 'preazure-publish', 'azure-publish', 'postazure-publish' ]
5 info lifecycle QnABot@1.0.0~preazure-publish: QnABot@1.0.0
6 silly lifecycle QnABot@1.0.0~preazure-publish: no script for preazure-publish, continuing
7 info lifecycle QnABot@1.0.0~azure-publish: QnABot@1.0.0
8 verbose lifecycle QnABot@1.0.0~azure-publish: unsafe-perm in lifecycle true
9 verbose lifecycle QnABot@1.0.0~azure-publish: PATH: /usr/share/npm/bin/node-gyp-bin:/mnt/c/Users/Gyansys-306/Desktop/factbotAzure/node_modules/.bin:/usr/local/sbin:/usr/local/bin:/usr/sbin:/usr/bin:/sbin:/bin:/usr/games:/usr/local/games:/mnt/c/Program Files/Microsoft MPI/Bin/:/mnt/c/WINDOWS/system32:/mnt/c/WINDOWS:/mnt/c/WINDOWS/System32/Wbem:/mnt/c/WINDOWS/System32/WindowsPowerShell/v1.0/:/mnt/c/WINDOWS/System32/OpenSSH/:/mnt/c/Program Files (x86)/PuTTY/:/mnt/c/Program Files/dotnet/:/mnt/c/Program Files/Microsoft SQL Server/130/Tools/Binn/:/mnt/c/Program Files/Microsoft SQL Server/Client SDK/ODBC/170/Tools/Binn/:/mnt/c/Program Files (x86)/Windows Kits/10/Windows Performance Toolkit/:/mnt/c/Program Files/Git/cmd:/mnt/c/Program Files/Intel/WiFi/bin/:/mnt/c/Program Files/Common Files/Intel/WirelessCommon/:/mnt/c/Program Files/nodejs/:/mnt/c/Users/Gyansys-306/AppData/Local/Microsoft/WindowsApps:/mnt/c/Users/Gyansys-306/AppData/Local/Programs/Microsoft VS Code/bin:/mnt/c/Users/Gyansys-306/AppData/Roaming/npm:/snap/bin
10 verbose lifecycle QnABot@1.0.0~azure-publish: CWD: /mnt/c/Users/Gyansys-306/Desktop/factbotAzure
11 silly lifecycle QnABot@1.0.0~azure-publish: Args: [ '-c', 'node publish.js' ]
12 silly lifecycle QnABot@1.0.0~azure-publish: Returned: code: 1  signal: null
13 info lifecycle QnABot@1.0.0~azure-publish: Failed to exec azure-publish script
14 verbose stack Error: QnABot@1.0.0 azure-publish: `node publish.js`
14 verbose stack Exit status 1
14 verbose stack     at EventEmitter.<anonymous> (/usr/share/npm/lib/utils/lifecycle.js:232:16)
14 verbose stack     at emitTwo (events.js:126:13)
14 verbose stack     at EventEmitter.emit (events.js:214:7)
14 verbose stack     at ChildProcess.<anonymous> (/usr/share/npm/lib/utils/spawn.js:24:14)
14 verbose stack     at emitTwo (events.js:126:13)
14 verbose stack     at ChildProcess.emit (events.js:214:7)
14 verbose stack     at maybeClose (internal/child_process.js:925:16)
14 verbose stack     at Process.ChildProcess._handle.onexit (internal/child_process.js:209:5)
15 verbose pkgid QnABot@1.0.0
16 verbose cwd /mnt/c/Users/Gyansys-306/Desktop/factbotAzure
17 error Linux 4.4.0-18917-Microsoft
18 error argv "/usr/bin/node" "/usr/bin/npm" "run" "azure-publish"
19 error node v8.10.0
20 error npm  v3.5.2
21 error code ELIFECYCLE
22 error QnABot@1.0.0 azure-publish: `node publish.js`
22 error Exit status 1
23 error Failed at the QnABot@1.0.0 azure-publish script 'node publish.js'.
23 error Make sure you have the latest version of node.js and npm installed.
23 error If you do, this is most likely a problem with the QnABot package,
23 error not with npm itself.
23 error Tell the author that this fails on your system:
23 error     node publish.js
23 error You can get information on how to open an issue for this project with:
23 error     npm bugs QnABot
23 error Or if that isn't available, you can get their info via:
23 error     npm owner ls QnABot
23 error There is likely additional logging output above.
24 verbose exit [ 1, true ]
